<?xml version="1.0" encoding="UTF-8"?>
<con:soapui-project id="8df46a85-d673-48af-ac87-d6f3c3f9836f" activeEnvironment="Default" name="Test users" soapui-version="5.3.0" xmlns:con="http://eviware.com/soapui/config"><con:settings/><con:interface xsi:type="con:WsdlInterface" id="7039ba04-c7ce-4fa3-bf24-01da4e8c1805" wsaVersion="NONE" name="wsusers_binding" type="wsdl" bindingName="{urn:WashOutUser}wsusers_binding" soapVersion="1_1" anonymous="optional" definition="http://192.168.99.100:3000/wsusers/wsdl" xmlns:xsi="http://www.w3.org/2001/XMLSchema-instance"><con:settings/><con:definitionCache type="TEXT" rootPart="http://192.168.99.100:3000/wsusers/wsdl"><con:part><con:url>http://192.168.99.100:3000/wsusers/wsdl</con:url><con:content><![CDATA[<definitions name="wsusers" targetNamespace="urn:WashOutUser" xmlns="http://schemas.xmlsoap.org/wsdl/" xmlns:tns="urn:WashOutUser" xmlns:soap="http://schemas.xmlsoap.org/wsdl/soap/" xmlns:xsd="http://www.w3.org/2001/XMLSchema" xmlns:xsi="http://www.w3.org/2001/XMLSchema-instance" xmlns:soap-enc="http://schemas.xmlsoap.org/soap/encoding/" xmlns:wsdl="http://schemas.xmlsoap.org/wsdl/">
  <types>
    <schema targetNamespace="urn:WashOutUser" xmlns="http://www.w3.org/2001/XMLSchema"></schema>
  </types>
  <message name="check">
    <part name="email" type="xsd:string" xsi:nillable="true"/>
  </message>
  <message name="checkResponse">
    <part name="value" type="xsd:boolean" xsi:nillable="true"/>
  </message>
  <portType name="wsusers_port">
    <operation name="check">
      <input message="tns:check"/>
      <output message="tns:checkResponse"/>
    </operation>
  </portType>
  <binding name="wsusers_binding" type="tns:wsusers_port">
    <soap:binding style="rpc" transport="http://schemas.xmlsoap.org/soap/http"/>
    <operation name="check">
      <soap:operation soapAction="check"/>
      <input>
        <soap:body use="encoded" encodingStyle="http://schemas.xmlsoap.org/soap/encoding/" namespace="urn:WashOutUser"/>
      </input>
      <output>
        <soap:body use="encoded" encodingStyle="http://schemas.xmlsoap.org/soap/encoding/" namespace="urn:WashOutUser"/>
      </output>
    </operation>
  </binding>
  <service name="service">
    <port name="wsusers_port" binding="tns:wsusers_binding">
      <soap:address location="http://192.168.99.100:3000/wsusers/action"/>
    </port>
  </service>
</definitions>]]></con:content><con:type>http://schemas.xmlsoap.org/wsdl/</con:type></con:part></con:definitionCache><con:endpoints><con:endpoint>http://192.168.99.100:3000/wsusers/action</con:endpoint></con:endpoints><con:operation id="c9f04aa2-1b86-414f-9998-343f5c62185d" isOneWay="false" action="check" name="check" bindingOperationName="check" type="Request-Response" inputName="" receivesAttachments="false" sendsAttachments="false" anonymous="optional"><con:settings/><con:call id="a7fbe6a7-651c-4de2-b660-d3c6fcdcc64a" name="Request 1"><con:settings><con:setting id="com.eviware.soapui.impl.wsdl.WsdlRequest@request-headers">&lt;xml-fragment/></con:setting></con:settings><con:encoding>UTF-8</con:encoding><con:endpoint>http://192.168.99.100:3000/wsusers/action</con:endpoint><con:request><![CDATA[<soapenv:Envelope xmlns:xsi="http://www.w3.org/2001/XMLSchema-instance" xmlns:xsd="http://www.w3.org/2001/XMLSchema" xmlns:soapenv="http://schemas.xmlsoap.org/soap/envelope/" xmlns:urn="urn:WashOutUser">\r
   <soapenv:Header/>\r
   <soapenv:Body>\r
      <urn:check soapenv:encodingStyle="http://schemas.xmlsoap.org/soap/encoding/">\r
         <email xsi:type="xsd:string">juan33@mata.com</email>\r
      </urn:check>\r
   </soapenv:Body>\r
</soapenv:Envelope>]]></con:request><con:credentials><con:authType>No Authorization</con:authType></con:credentials><con:jmsConfig JMSDeliveryMode="PERSISTENT"/><con:jmsPropertyConfig/><con:wsaConfig mustUnderstand="NONE" version="200508" action="check"/><con:wsrmConfig version="1.2"/></con:call></con:operation></con:interface><con:properties/><con:wssContainer/><con:oAuth2ProfileContainer/><con:oAuth1ProfileContainer/></con:soapui-project>